# JRE version: Java(TM) SE Runtime Environment (8.0_101-b13) (build 1.8.0_101-b13)
# Java VM: Java HotSpot(TM) 64-Bit Server VM (25.101-b13 mixed mode windows-amd64 compressed oops)
Heap:
 PSYoungGen      total 317952K, used 91576K [0x00000000eab00000, 0x0000000100000000, 0x0000000100000000)
  eden space 297984K, 30% used [0x00000000eab00000,0x00000000f046e268,0x00000000fce00000)
  from space 19968K, 0% used [0x00000000fce00000,0x00000000fce00000,0x00000000fe180000)
  to   space 27136K, 0% used [0x00000000fe580000,0x00000000fe580000,0x0000000100000000)
 ParOldGen       total 140288K, used 81404K [0x00000000c0000000, 0x00000000c8900000, 0x00000000eab00000)
  object space 140288K, 58% used [0x00000000c0000000,0x00000000c4f7f1f0,0x00000000c8900000)
 Metaspace       used 72579K, capacity 76600K, committed 76760K, reserved 1118208K
  class space    used 9846K, capacity 10677K, committed 10752K, reserved 1048576K
GC Heap History (10 events):
Event: 437.394 GC heap before
{Heap before GC invocations=20 (full 4):
 PSYoungGen      total 276992K, used 261588K [0x00000000eab00000, 0x0000000100000000, 0x0000000100000000)
  eden space 254976K, 100% used [0x00000000eab00000,0x00000000fa400000,0x00000000fa400000)
  from space 22016K, 30% used [0x00000000fa400000,0x00000000faa751f0,0x00000000fb980000)
  to   space 21504K, 0% used [0x00000000feb00000,0x00000000feb00000,0x0000000100000000)
 ParOldGen       total 140288K, used 58050K [0x00000000c0000000, 0x00000000c8900000, 0x00000000eab00000)
  object space 140288K, 41% used [0x00000000c0000000,0x00000000c38b0a60,0x00000000c8900000)
 Metaspace       used 61823K, capacity 65224K, committed 65368K, reserved 1105920K
  class space    used 8547K, capacity 9221K, committed 9344K, reserved 1048576K
Event: 437.457 GC heap after
Heap after GC invocations=20 (full 4):
 PSYoungGen      total 325632K, used 11892K [0x00000000eab00000, 0x00000000ffe80000, 0x0000000100000000)
  eden space 305664K, 0% used [0x00000000eab00000,0x00000000eab00000,0x00000000fd580000)
  from space 19968K, 59% used [0x00000000feb00000,0x00000000ff69d308,0x00000000ffe80000)
  to   space 20992K, 0% used [0x00000000fd580000,0x00000000fd580000,0x00000000fea00000)
 ParOldGen       total 140288K, used 63422K [0x00000000c0000000, 0x00000000c8900000, 0x00000000eab00000)
  object space 140288K, 45% used [0x00000000c0000000,0x00000000c3defb50,0x00000000c8900000)
 Metaspace       used 61823K, capacity 65224K, committed 65368K, reserved 1105920K
  class space    used 8547K, capacity 9221K, committed 9344K, reserved 1048576K
}
Event: 557.532 GC heap before
{Heap before GC invocations=21 (full 4):
 PSYoungGen      total 325632K, used 317556K [0x00000000eab00000, 0x00000000ffe80000, 0x0000000100000000)
  eden space 305664K, 100% used [0x00000000eab00000,0x00000000fd580000,0x00000000fd580000)
  from space 19968K, 59% used [0x00000000feb00000,0x00000000ff69d308,0x00000000ffe80000)
  to   space 20992K, 0% used [0x00000000fd580000,0x00000000fd580000,0x00000000fea00000)
 ParOldGen       total 140288K, used 63422K [0x00000000c0000000, 0x00000000c8900000, 0x00000000eab00000)
  object space 140288K, 45% used [0x00000000c0000000,0x00000000c3defb50,0x00000000c8900000)
 Metaspace       used 67916K, capacity 71448K, committed 71512K, reserved 1110016K
  class space    used 9342K, capacity 10095K, committed 10112K, reserved 1048576K
Event: 557.592 GC heap after
Heap after GC invocations=21 (full 4):
 PSYoungGen      total 323584K, used 17408K [0x00000000eab00000, 0x0000000100000000, 0x0000000100000000)
  eden space 305664K, 0% used [0x00000000eab00000,0x00000000eab00000,0x00000000fd580000)
  from space 17920K, 97% used [0x00000000fd580000,0x00000000fe680160,0x00000000fe700000)
  to   space 23040K, 0% used [0x00000000fe980000,0x00000000fe980000,0x0000000100000000)
 ParOldGen       total 140288K, used 63430K [0x00000000c0000000, 0x00000000c8900000, 0x00000000eab00000)
  object space 140288K, 45% used [0x00000000c0000000,0x00000000c3df1b50,0x00000000c8900000)
 Metaspace       used 67916K, capacity 71448K, committed 71512K, reserved 1110016K
  class space    used 9342K, capacity 10095K, committed 10112K, reserved 1048576K
}
Event: 590.559 GC heap before
{Heap before GC invocations=22 (full 4):
 PSYoungGen      total 323584K, used 322212K [0x00000000eab00000, 0x0000000100000000, 0x0000000100000000)
  eden space 305664K, 99% used [0x00000000eab00000,0x00000000fd4a9098,0x00000000fd580000)
  from space 17920K, 97% used [0x00000000fd580000,0x00000000fe680160,0x00000000fe700000)
  to   space 23040K, 0% used [0x00000000fe980000,0x00000000fe980000,0x0000000100000000)
 ParOldGen       total 140288K, used 63430K [0x00000000c0000000, 0x00000000c8900000, 0x00000000eab00000)
  object space 140288K, 45% used [0x00000000c0000000,0x00000000c3df1b50,0x00000000c8900000)
 Metaspace       used 70465K, capacity 74166K, committed 74328K, reserved 1114112K
  class space    used 9590K, capacity 10360K, committed 10368K, reserved 1048576K
Event: 590.614 GC heap after
Heap after GC invocations=22 (full 4):
 PSYoungGen      total 321024K, used 21327K [0x00000000eab00000, 0x0000000100000000, 0x0000000100000000)
  eden space 297984K, 0% used [0x00000000eab00000,0x00000000eab00000,0x00000000fce00000)
  from space 23040K, 92% used [0x00000000fe980000,0x00000000ffe53ea0,0x0000000100000000)
  to   space 25600K, 0% used [0x00000000fce00000,0x00000000fce00000,0x00000000fe700000)
 ParOldGen       total 140288K, used 63446K [0x00000000c0000000, 0x00000000c8900000, 0x00000000eab00000)
  object space 140288K, 45% used [0x00000000c0000000,0x00000000c3df5b50,0x00000000c8900000)
 Metaspace       used 70465K, capacity 74166K, committed 74328K, reserved 1114112K
  class space    used 9590K, capacity 10360K, committed 10368K, reserved 1048576K
}
Event: 621.690 GC heap before
{Heap before GC invocations=23 (full 4):
 PSYoungGen      total 321024K, used 188663K [0x00000000eab00000, 0x0000000100000000, 0x0000000100000000)
  eden space 297984K, 56% used [0x00000000eab00000,0x00000000f4e69e88,0x00000000fce00000)
  from space 23040K, 92% used [0x00000000fe980000,0x00000000ffe53ea0,0x0000000100000000)
  to   space 25600K, 0% used [0x00000000fce00000,0x00000000fce00000,0x00000000fe700000)
 ParOldGen       total 140288K, used 63446K [0x00000000c0000000, 0x00000000c8900000, 0x00000000eab00000)
  object space 140288K, 45% used [0x00000000c0000000,0x00000000c3df5b50,0x00000000c8900000)
 Metaspace       used 72235K, capacity 76064K, committed 76120K, reserved 1114112K
  class space    used 9804K, capacity 10589K, committed 10624K, reserved 1048576K
Event: 621.791 GC heap after
Heap after GC invocations=23 (full 4):
 PSYoungGen      total 317952K, used 19601K [0x00000000eab00000, 0x0000000100000000, 0x0000000100000000)
  eden space 297984K, 0% used [0x00000000eab00000,0x00000000eab00000,0x00000000fce00000)
  from space 19968K, 98% used [0x00000000fce00000,0x00000000fe124500,0x00000000fe180000)
  to   space 27136K, 0% used [0x00000000fe580000,0x00000000fe580000,0x0000000100000000)
 ParOldGen       total 140288K, used 63454K [0x00000000c0000000, 0x00000000c8900000, 0x00000000eab00000)
  object space 140288K, 45% used [0x00000000c0000000,0x00000000c3df7b50,0x00000000c8900000)
 Metaspace       used 72235K, capacity 76064K, committed 76120K, reserved 1114112K
  class space    used 9804K, capacity 10589K, committed 10624K, reserved 1048576K
}
Event: 621.791 GC heap before
{Heap before GC invocations=24 (full 5):
 PSYoungGen      total 317952K, used 19601K [0x00000000eab00000, 0x0000000100000000, 0x0000000100000000)
  eden space 297984K, 0% used [0x00000000eab00000,0x00000000eab00000,0x00000000fce00000)
  from space 19968K, 98% used [0x00000000fce00000,0x00000000fe124500,0x00000000fe180000)
  to   space 27136K, 0% used [0x00000000fe580000,0x00000000fe580000,0x0000000100000000)
 ParOldGen       total 140288K, used 63454K [0x00000000c0000000, 0x00000000c8900000, 0x00000000eab00000)
  object space 140288K, 45% used [0x00000000c0000000,0x00000000c3df7b50,0x00000000c8900000)
 Metaspace       used 72235K, capacity 76064K, committed 76120K, reserved 1114112K
  class space    used 9804K, capacity 10589K, committed 10624K, reserved 1048576K
Event: 624.960 GC heap after
Heap after GC invocations=24 (full 5):
 PSYoungGen      total 317952K, used 0K [0x00000000eab00000, 0x0000000100000000, 0x0000000100000000)
  eden space 297984K, 0% used [0x00000000eab00000,0x00000000eab00000,0x00000000fce00000)
  from space 19968K, 0% used [0x00000000fce00000,0x00000000fce00000,0x00000000fe180000)
  to   space 27136K, 0% used [0x00000000fe580000,0x00000000fe580000,0x0000000100000000)
 ParOldGen       total 140288K, used 81404K [0x00000000c0000000, 0x00000000c8900000, 0x00000000eab00000)
  object space 140288K, 58% used [0x00000000c0000000,0x00000000c4f7f1f0,0x00000000c8900000)
 Metaspace       used 72231K, capacity 76056K, committed 76120K, reserved 1114112K
  class space    used 9803K, capacity 10587K, committed 10624K, reserved 1048576K
}

