# JRE version: Java(TM) SE Runtime Environment (8.0_101-b13) (build 1.8.0_101-b13)
# Java VM: Java HotSpot(TM) 64-Bit Server VM (25.101-b13 mixed mode windows-amd64 compressed oops)
Heap:
 PSYoungGen      total 232960K, used 144499K [0x00000000eab00000, 0x00000000ffe80000, 0x0000000100000000)
  eden space 116736K, 72% used [0x00000000eab00000,0x00000000efd3c0b0,0x00000000f1d00000)
  from space 116224K, 51% used [0x00000000f1d00000,0x00000000f57e0c48,0x00000000f8e80000)
  to   space 114176K, 0% used [0x00000000f8f00000,0x00000000f8f00000,0x00000000ffe80000)
 ParOldGen       total 351744K, used 203606K [0x00000000c0000000, 0x00000000d5780000, 0x00000000eab00000)
  object space 351744K, 57% used [0x00000000c0000000,0x00000000cc6d5b58,0x00000000d5780000)
 Metaspace       used 6544K, capacity 7256K, committed 7424K, reserved 1056768K
  class space    used 624K, capacity 656K, committed 768K, reserved 1048576K
GC Heap History (10 events):
Event: 23.530 GC heap before
{Heap before GC invocations=15 (full 4):
 PSYoungGen      total 161792K, used 44580K [0x00000000eab00000, 0x00000000ff500000, 0x0000000100000000)
  eden space 116736K, 0% used [0x00000000eab00000,0x00000000eab00000,0x00000000f1d00000)
  from space 45056K, 98% used [0x00000000f1d00000,0x00000000f48891a0,0x00000000f4900000)
  to   space 110592K, 0% used [0x00000000f8900000,0x00000000f8900000,0x00000000ff500000)
 ParOldGen       total 295424K, used 227587K [0x00000000c0000000, 0x00000000d2080000, 0x00000000eab00000)
  object space 295424K, 77% used [0x00000000c0000000,0x00000000cde40ef0,0x00000000d2080000)
 Metaspace       used 6519K, capacity 7256K, committed 7424K, reserved 1056768K
  class space    used 624K, capacity 656K, committed 768K, reserved 1048576K
Event: 24.265 GC heap after
Heap after GC invocations=15 (full 4):
 PSYoungGen      total 161792K, used 0K [0x00000000eab00000, 0x00000000ff500000, 0x0000000100000000)
  eden space 116736K, 0% used [0x00000000eab00000,0x00000000eab00000,0x00000000f1d00000)
  from space 45056K, 0% used [0x00000000f1d00000,0x00000000f1d00000,0x00000000f4900000)
  to   space 110592K, 0% used [0x00000000f8900000,0x00000000f8900000,0x00000000ff500000)
 ParOldGen       total 351744K, used 186544K [0x00000000c0000000, 0x00000000d5780000, 0x00000000eab00000)
  object space 351744K, 53% used [0x00000000c0000000,0x00000000cb62c030,0x00000000d5780000)
 Metaspace       used 6519K, capacity 7256K, committed 7424K, reserved 1056768K
  class space    used 624K, capacity 656K, committed 768K, reserved 1048576K
}
Event: 24.743 GC heap before
{Heap before GC invocations=16 (full 4):
 PSYoungGen      total 161792K, used 116736K [0x00000000eab00000, 0x00000000ff500000, 0x0000000100000000)
  eden space 116736K, 100% used [0x00000000eab00000,0x00000000f1d00000,0x00000000f1d00000)
  from space 45056K, 0% used [0x00000000f1d00000,0x00000000f1d00000,0x00000000f4900000)
  to   space 110592K, 0% used [0x00000000f8900000,0x00000000f8900000,0x00000000ff500000)
 ParOldGen       total 351744K, used 186544K [0x00000000c0000000, 0x00000000d5780000, 0x00000000eab00000)
  object space 351744K, 53% used [0x00000000c0000000,0x00000000cb62c030,0x00000000d5780000)
 Metaspace       used 6519K, capacity 7256K, committed 7424K, reserved 1056768K
  class space    used 624K, capacity 656K, committed 768K, reserved 1048576K
Event: 24.802 GC heap after
Heap after GC invocations=16 (full 4):
 PSYoungGen      total 231936K, used 51275K [0x00000000eab00000, 0x0000000100000000, 0x0000000100000000)
  eden space 121344K, 0% used [0x00000000eab00000,0x00000000eab00000,0x00000000f2180000)
  from space 110592K, 46% used [0x00000000f8900000,0x00000000fbb12db0,0x00000000ff500000)
  to   space 105984K, 0% used [0x00000000f2180000,0x00000000f2180000,0x00000000f8900000)
 ParOldGen       total 351744K, used 186544K [0x00000000c0000000, 0x00000000d5780000, 0x00000000eab00000)
  object space 351744K, 53% used [0x00000000c0000000,0x00000000cb62c030,0x00000000d5780000)
 Metaspace       used 6519K, capacity 7256K, committed 7424K, reserved 1056768K
  class space    used 624K, capacity 656K, committed 768K, reserved 1048576K
}
Event: 25.103 GC heap before
{Heap before GC invocations=17 (full 4):
 PSYoungGen      total 231936K, used 172619K [0x00000000eab00000, 0x0000000100000000, 0x0000000100000000)
  eden space 121344K, 100% used [0x00000000eab00000,0x00000000f2180000,0x00000000f2180000)
  from space 110592K, 46% used [0x00000000f8900000,0x00000000fbb12db0,0x00000000ff500000)
  to   space 105984K, 0% used [0x00000000f2180000,0x00000000f2180000,0x00000000f8900000)
 ParOldGen       total 351744K, used 186544K [0x00000000c0000000, 0x00000000d5780000, 0x00000000eab00000)
  object space 351744K, 53% used [0x00000000c0000000,0x00000000cb62c030,0x00000000d5780000)
 Metaspace       used 6519K, capacity 7256K, committed 7424K, reserved 1056768K
  class space    used 624K, capacity 656K, committed 768K, reserved 1048576K
Event: 25.149 GC heap after
Heap after GC invocations=17 (full 4):
 PSYoungGen      total 227328K, used 84634K [0x00000000eab00000, 0x0000000100000000, 0x0000000100000000)
  eden space 121344K, 0% used [0x00000000eab00000,0x00000000eab00000,0x00000000f2180000)
  from space 105984K, 79% used [0x00000000f2180000,0x00000000f7426b68,0x00000000f8900000)
  to   space 113664K, 0% used [0x00000000f9100000,0x00000000f9100000,0x0000000100000000)
 ParOldGen       total 351744K, used 186544K [0x00000000c0000000, 0x00000000d5780000, 0x00000000eab00000)
  object space 351744K, 53% used [0x00000000c0000000,0x00000000cb62c030,0x00000000d5780000)
 Metaspace       used 6519K, capacity 7256K, committed 7424K, reserved 1056768K
  class space    used 624K, capacity 656K, committed 768K, reserved 1048576K
}
Event: 25.392 GC heap before
{Heap before GC invocations=18 (full 4):
 PSYoungGen      total 227328K, used 205978K [0x00000000eab00000, 0x0000000100000000, 0x0000000100000000)
  eden space 121344K, 100% used [0x00000000eab00000,0x00000000f2180000,0x00000000f2180000)
  from space 105984K, 79% used [0x00000000f2180000,0x00000000f7426b68,0x00000000f8900000)
  to   space 113664K, 0% used [0x00000000f9100000,0x00000000f9100000,0x0000000100000000)
 ParOldGen       total 351744K, used 186544K [0x00000000c0000000, 0x00000000d5780000, 0x00000000eab00000)
  object space 351744K, 53% used [0x00000000c0000000,0x00000000cb62c030,0x00000000d5780000)
 Metaspace       used 6519K, capacity 7256K, committed 7424K, reserved 1056768K
  class space    used 624K, capacity 656K, committed 768K, reserved 1048576K
Event: 25.439 GC heap after
Heap after GC invocations=18 (full 4):
 PSYoungGen      total 230400K, used 80357K [0x00000000eab00000, 0x0000000100000000, 0x0000000100000000)
  eden space 116736K, 0% used [0x00000000eab00000,0x00000000eab00000,0x00000000f1d00000)
  from space 113664K, 70% used [0x00000000f9100000,0x00000000fdf79730,0x0000000100000000)
  to   space 116224K, 0% used [0x00000000f1d00000,0x00000000f1d00000,0x00000000f8e80000)
 ParOldGen       total 351744K, used 186544K [0x00000000c0000000, 0x00000000d5780000, 0x00000000eab00000)
  object space 351744K, 53% used [0x00000000c0000000,0x00000000cb62c030,0x00000000d5780000)
 Metaspace       used 6519K, capacity 7256K, committed 7424K, reserved 1056768K
  class space    used 624K, capacity 656K, committed 768K, reserved 1048576K
}
Event: 25.690 GC heap before
{Heap before GC invocations=19 (full 4):
 PSYoungGen      total 230400K, used 197093K [0x00000000eab00000, 0x0000000100000000, 0x0000000100000000)
  eden space 116736K, 100% used [0x00000000eab00000,0x00000000f1d00000,0x00000000f1d00000)
  from space 113664K, 70% used [0x00000000f9100000,0x00000000fdf79730,0x0000000100000000)
  to   space 116224K, 0% used [0x00000000f1d00000,0x00000000f1d00000,0x00000000f8e80000)
 ParOldGen       total 351744K, used 186544K [0x00000000c0000000, 0x00000000d5780000, 0x00000000eab00000)
  object space 351744K, 53% used [0x00000000c0000000,0x00000000cb62c030,0x00000000d5780000)
 Metaspace       used 6520K, capacity 7256K, committed 7424K, reserved 1056768K
  class space    used 624K, capacity 656K, committed 768K, reserved 1048576K
Event: 25.784 GC heap after
Heap after GC invocations=19 (full 4):
 PSYoungGen      total 232960K, used 60291K [0x00000000eab00000, 0x00000000ffe80000, 0x0000000100000000)
  eden space 116736K, 0% used [0x00000000eab00000,0x00000000eab00000,0x00000000f1d00000)
  from space 116224K, 51% used [0x00000000f1d00000,0x00000000f57e0c48,0x00000000f8e80000)
  to   space 114176K, 0% used [0x00000000f8f00000,0x00000000f8f00000,0x00000000ffe80000)
 ParOldGen       total 351744K, used 203606K [0x00000000c0000000, 0x00000000d5780000, 0x00000000eab00000)
  object space 351744K, 57% used [0x00000000c0000000,0x00000000cc6d5b58,0x00000000d5780000)
 Metaspace       used 6520K, capacity 7256K, committed 7424K, reserved 1056768K
  class space    used 624K, capacity 656K, committed 768K, reserved 1048576K
}

